<?xml version="1.0" encoding="UTF-8"?>
<coverage generated="1711892754810" clover="3.2.0">
  <project timestamp="1711892754811" name="All files">
    <metrics statements="33" coveredstatements="33" conditionals="11" coveredconditionals="11" methods="4" coveredmethods="4" elements="48" coveredelements="48" complexity="0" loc="33" ncloc="33" packages="1" files="1" classes="1"/>
    <file name="fillCalendar.js" path="/home/mallow/Documents/Admin/FormationOpenclassrooms/Projets/Projet_14/plugin/em-react-calendar/src/utils/fillCalendar.js">
      <metrics statements="33" coveredstatements="33" conditionals="11" coveredconditionals="11" methods="4" coveredmethods="4"/>
      <line num="8" count="1" type="stmt"/>
      <line num="9" count="1" type="stmt"/>
      <line num="25" count="1" type="stmt"/>
      <line num="26" count="3" type="cond" truecount="5" falsecount="0"/>
      <line num="34" count="1" type="stmt"/>
      <line num="35" count="15" type="cond" truecount="2" falsecount="0"/>
      <line num="37" count="2" type="stmt"/>
      <line num="38" count="2" type="stmt"/>
      <line num="40" count="2" type="stmt"/>
      <line num="49" count="1" type="stmt"/>
      <line num="50" count="1" type="stmt"/>
      <line num="51" count="1" type="stmt"/>
      <line num="53" count="1" type="stmt"/>
      <line num="54" count="1" type="stmt"/>
      <line num="55" count="12" type="stmt"/>
      <line num="56" count="12" type="stmt"/>
      <line num="57" count="12" type="stmt"/>
      <line num="58" count="12" type="stmt"/>
      <line num="62" count="12" type="cond" truecount="2" falsecount="0"/>
      <line num="64" count="12" type="stmt"/>
      <line num="67" count="12" type="stmt"/>
      <line num="68" count="46" type="stmt"/>
      <line num="69" count="46" type="stmt"/>
      <line num="71" count="12" type="stmt"/>
      <line num="72" count="366" type="stmt"/>
      <line num="73" count="366" type="stmt"/>
      <line num="75" count="12" type="stmt"/>
      <line num="76" count="12" type="stmt"/>
      <line num="77" count="92" type="stmt"/>
      <line num="78" count="92" type="stmt"/>
      <line num="82" count="12" type="stmt"/>
      <line num="87" count="12" type="stmt"/>
      <line num="90" count="1" type="stmt"/>
    </file>
  </project>
</coverage>
