{"/home/mallow/Documents/Admin/FormationOpenclassrooms/Projets/Projet_14/plugin/em-react-calendar/src/utils/fillCalendar.js": {"path":"/home/mallow/Documents/Admin/FormationOpenclassrooms/Projets/Projet_14/plugin/em-react-calendar/src/utils/fillCalendar.js","statementMap":{"0":{"start":{"line":8,"column":18},"end":{"line":23,"column":1}},"1":{"start":{"line":9,"column":2},"end":{"line":22,"column":3}},"2":{"start":{"line":25,"column":35},"end":{"line":26,"column":68}},"3":{"start":{"line":26,"column":2},"end":{"line":26,"column":68}},"4":{"start":{"line":34,"column":37},"end":{"line":41,"column":1}},"5":{"start":{"line":35,"column":2},"end":{"line":35,"column":48}},"6":{"start":{"line":35,"column":28},"end":{"line":35,"column":48}},"7":{"start":{"line":37,"column":16},"end":{"line":37,"column":31}},"8":{"start":{"line":38,"column":15},"end":{"line":38,"column":33}},"9":{"start":{"line":40,"column":2},"end":{"line":40,"column":42}},"10":{"start":{"line":49,"column":30},"end":{"line":91,"column":1}},"11":{"start":{"line":50,"column":18},"end":{"line":50,"column":20}},"12":{"start":{"line":51,"column":17},"end":{"line":51,"column":32}},"13":{"start":{"line":53,"column":20},"end":{"line":53,"column":22}},"14":{"start":{"line":54,"column":2},"end":{"line":88,"column":3}},"15":{"start":{"line":55,"column":22},"end":{"line":55,"column":24}},"16":{"start":{"line":56,"column":24},"end":{"line":56,"column":26}},"17":{"start":{"line":57,"column":27},"end":{"line":57,"column":28}},"18":{"start":{"line":58,"column":31},"end":{"line":58,"column":78}},"19":{"start":{"line":62,"column":6},"end":{"line":62,"column":69}},"20":{"start":{"line":64,"column":6},"end":{"line":66,"column":7}},"21":{"start":{"line":67,"column":4},"end":{"line":70,"column":5}},"22":{"start":{"line":67,"column":17},"end":{"line":67,"column":37}},"23":{"start":{"line":68,"column":6},"end":{"line":68,"column":23}},"24":{"start":{"line":69,"column":6},"end":{"line":69,"column":42}},"25":{"start":{"line":71,"column":4},"end":{"line":74,"column":5}},"26":{"start":{"line":71,"column":17},"end":{"line":71,"column":18}},"27":{"start":{"line":72,"column":6},"end":{"line":72,"column":23}},"28":{"start":{"line":73,"column":6},"end":{"line":73,"column":24}},"29":{"start":{"line":75,"column":23},"end":{"line":75,"column":49}},"30":{"start":{"line":76,"column":4},"end":{"line":79,"column":5}},"31":{"start":{"line":76,"column":17},"end":{"line":76,"column":18}},"32":{"start":{"line":77,"column":6},"end":{"line":77,"column":23}},"33":{"start":{"line":78,"column":6},"end":{"line":78,"column":42}},"34":{"start":{"line":82,"column":24},"end":{"line":86,"column":5}},"35":{"start":{"line":87,"column":4},"end":{"line":87,"column":33}},"36":{"start":{"line":90,"column":2},"end":{"line":90,"column":20}}},"fnMap":{"0":{"name":"(anonymous_0)","decl":{"start":{"line":8,"column":18},"end":{"line":8,"column":19}},"loc":{"start":{"line":8,"column":26},"end":{"line":23,"column":1}},"line":8},"1":{"name":"(anonymous_1)","decl":{"start":{"line":25,"column":35},"end":{"line":25,"column":36}},"loc":{"start":{"line":26,"column":2},"end":{"line":26,"column":68}},"line":26},"2":{"name":"(anonymous_2)","decl":{"start":{"line":34,"column":37},"end":{"line":34,"column":38}},"loc":{"start":{"line":34,"column":45},"end":{"line":41,"column":1}},"line":34},"3":{"name":"(anonymous_3)","decl":{"start":{"line":49,"column":30},"end":{"line":49,"column":31}},"loc":{"start":{"line":49,"column":38},"end":{"line":91,"column":1}},"line":49}},"branchMap":{"0":{"loc":{"start":{"line":26,"column":2},"end":{"line":26,"column":68}},"type":"cond-expr","locations":[{"start":{"line":26,"column":61},"end":{"line":26,"column":63}},{"start":{"line":26,"column":66},"end":{"line":26,"column":68}}],"line":26},"1":{"loc":{"start":{"line":26,"column":2},"end":{"line":26,"column":58}},"type":"binary-expr","locations":[{"start":{"line":26,"column":3},"end":{"line":26,"column":17}},{"start":{"line":26,"column":21},"end":{"line":26,"column":37}},{"start":{"line":26,"column":42},"end":{"line":26,"column":58}}],"line":26},"2":{"loc":{"start":{"line":35,"column":2},"end":{"line":35,"column":48}},"type":"if","locations":[{"start":{"line":35,"column":2},"end":{"line":35,"column":48}},{"start":{},"end":{}}],"line":35},"3":{"loc":{"start":{"line":62,"column":6},"end":{"line":62,"column":69}},"type":"cond-expr","locations":[{"start":{"line":62,"column":42},"end":{"line":62,"column":44}},{"start":{"line":62,"column":47},"end":{"line":62,"column":69}}],"line":62},"4":{"loc":{"start":{"line":65,"column":7},"end":{"line":65,"column":56}},"type":"cond-expr","locations":[{"start":{"line":65,"column":34},"end":{"line":65,"column":35}},{"start":{"line":65,"column":38},"end":{"line":65,"column":56}}],"line":65}},"s":{"0":1,"1":1,"2":1,"3":3,"4":1,"5":15,"6":13,"7":2,"8":2,"9":2,"10":1,"11":1,"12":1,"13":1,"14":1,"15":12,"16":12,"17":12,"18":12,"19":12,"20":12,"21":12,"22":12,"23":46,"24":46,"25":12,"26":12,"27":366,"28":366,"29":12,"30":12,"31":12,"32":92,"33":92,"34":12,"35":12,"36":1},"f":{"0":1,"1":3,"2":15,"3":1},"b":{"0":[2,1],"1":[3,2,1],"2":[13,2],"3":[1,11],"4":[2,10]},"inputSourceMap":null,"_coverageSchema":"1a1c01bbd47fc00a2c39e90264f33305004495a9","hash":"279de1ea6dc31343bf345826b3b3fa1c28a9cb97"}
}
