TN:
SF:src/utils/fillCalendar.js
FN:8,(anonymous_0)
FN:25,(anonymous_1)
FN:34,(anonymous_2)
FN:49,(anonymous_3)
FNF:4
FNH:4
FNDA:1,(anonymous_0)
FNDA:3,(anonymous_1)
FNDA:15,(anonymous_2)
FNDA:1,(anonymous_3)
DA:8,1
DA:9,1
DA:25,1
DA:26,3
DA:34,1
DA:35,15
DA:37,2
DA:38,2
DA:40,2
DA:49,1
DA:50,1
DA:51,1
DA:53,1
DA:54,1
DA:55,12
DA:56,12
DA:57,12
DA:58,12
DA:62,12
DA:64,12
DA:67,12
DA:68,46
DA:69,46
DA:71,12
DA:72,366
DA:73,366
DA:75,12
DA:76,12
DA:77,92
DA:78,92
DA:82,12
DA:87,12
DA:90,1
LF:33
LH:33
BRDA:26,0,0,2
BRDA:26,0,1,1
BRDA:26,1,0,3
BRDA:26,1,1,2
BRDA:26,1,2,1
BRDA:35,2,0,13
BRDA:35,2,1,2
BRDA:62,3,0,1
BRDA:62,3,1,11
BRDA:65,4,0,2
BRDA:65,4,1,10
BRF:11
BRH:11
end_of_record
